app/build/intermediates/manifest_merge_blame_file/debug/processDebugMainManifest/manifest-merger-blame-debug-report.txt
1<?xml version="1.0" encoding="utf-8"?>
2<!--
3    Copyright 2019 Google Inc. All Rights Reserved.
4
5     Licensed under the Apache License, Version 2.0 (the "License");
6     you may not use this file except in compliance with the License.
7     You may obtain a copy of the License at
8
9         http://www.apache.org/licenses/LICENSE-2.0
10
11     Unless required by applicable law or agreed to in writing, software
12     distributed under the License is distributed on an "AS IS" BASIS,
13     WITHOUT WARRANTIES OR CONDITIONS OF ANY KIND, either express or implied.
14     See the License for the specific language governing permissions and
15     limitations under the License.
16-->
17<!--
18 The "package" attribute is rewritten by the Gradle build with the value of applicationId.
19     It is still required here, as it is used to derive paths, for instance when referring
20     to an Activity by ".MyActivity" instead of the full name. If more Activities are added to the
21     application, the package attribute will need to reflect the correct path in order to use
22     the abbreviated format.
23-->
24<manifest xmlns:android="http://schemas.android.com/apk/res/android"
25    package="com.luansilva.study"
26    android:versionCode="1"
27    android:versionName="1" >
28
29    <uses-sdk
30        android:minSdkVersion="21"
31        android:targetSdkVersion="35" />
32
33    <uses-permission android:name="android.permission.POST_NOTIFICATIONS" />
33-->src\main\AndroidManifest.xml:26:9-80
33-->src\main\AndroidManifest.xml:26:26-78
34    <uses-permission android:name="android.permission.ACCESS_FINE_LOCATION" />
34-->[com.google.androidbrowserhelper:locationdelegation:1.1.2] AndroidManifest.xml:7:5-79
34-->[com.google.androidbrowserhelper:locationdelegation:1.1.2] AndroidManifest.xml:7:22-76
35    <uses-permission android:name="android.permission.ACCESS_COARSE_LOCATION" />
35-->[com.google.androidbrowserhelper:locationdelegation:1.1.2] AndroidManifest.xml:8:5-81
35-->[com.google.androidbrowserhelper:locationdelegation:1.1.2] AndroidManifest.xml:8:22-78
36
37    <queries>
37-->[com.google.androidbrowserhelper:androidbrowserhelper:2.6.2] AndroidManifest.xml:22:5-30:15
38        <intent>
38-->[com.google.androidbrowserhelper:androidbrowserhelper:2.6.2] AndroidManifest.xml:23:9-29:18
39            <action android:name="android.intent.action.VIEW" />
39-->src\main\AndroidManifest.xml:139:17-68
39-->src\main\AndroidManifest.xml:139:25-66
40
41            <category android:name="android.intent.category.BROWSABLE" />
41-->src\main\AndroidManifest.xml:141:17-77
41-->src\main\AndroidManifest.xml:141:27-75
42
43            <data android:scheme="https" />
43-->src\main\AndroidManifest.xml:142:17-147:19
43-->src\main\AndroidManifest.xml:142:23-45
44        </intent>
45    </queries>
46
47    <permission
47-->[androidx.core:core:1.13.0] AndroidManifest.xml:22:5-24:47
48        android:name="com.luansilva.study.DYNAMIC_RECEIVER_NOT_EXPORTED_PERMISSION"
48-->[androidx.core:core:1.13.0] AndroidManifest.xml:23:9-81
49        android:protectionLevel="signature" />
49-->[androidx.core:core:1.13.0] AndroidManifest.xml:24:9-44
50
51    <uses-permission android:name="com.luansilva.study.DYNAMIC_RECEIVER_NOT_EXPORTED_PERMISSION" />
51-->[androidx.core:core:1.13.0] AndroidManifest.xml:26:5-97
51-->[androidx.core:core:1.13.0] AndroidManifest.xml:26:22-94
52
53    <application
53-->src\main\AndroidManifest.xml:35:5-195:19
54        android:name="com.luansilva.study.Application"
54-->src\main\AndroidManifest.xml:36:9-35
55        android:allowBackup="true"
55-->src\main\AndroidManifest.xml:37:9-35
56        android:appComponentFactory="androidx.core.app.CoreComponentFactory"
56-->[androidx.core:core:1.13.0] AndroidManifest.xml:28:18-86
57        android:debuggable="true"
58        android:extractNativeLibs="true"
59        android:icon="@mipmap/ic_launcher"
59-->src\main\AndroidManifest.xml:38:9-43
60        android:label="@string/appName"
60-->src\main\AndroidManifest.xml:39:9-40
61        android:manageSpaceActivity="com.google.androidbrowserhelper.trusted.ManageDataLauncherActivity"
61-->src\main\AndroidManifest.xml:41:9-105
62        android:supportsRtl="true"
62-->src\main\AndroidManifest.xml:43:9-35
63        android:theme="@android:style/Theme.Translucent.NoTitleBar" >
63-->src\main\AndroidManifest.xml:44:9-68
64        <meta-data
64-->src\main\AndroidManifest.xml:46:9-48:58
65            android:name="asset_statements"
65-->src\main\AndroidManifest.xml:47:13-44
66            android:resource="@string/assetStatements" />
66-->src\main\AndroidManifest.xml:48:13-55
67        <meta-data
67-->src\main\AndroidManifest.xml:51:13-53:58
68            android:name="web_manifest_url"
68-->src\main\AndroidManifest.xml:52:17-48
69            android:value="@string/webManifestUrl" />
69-->src\main\AndroidManifest.xml:53:17-55
70        <meta-data
70-->src\main\AndroidManifest.xml:56:9-58:52
71            android:name="twa_generator"
71-->src\main\AndroidManifest.xml:57:13-41
72            android:value="@string/generatorApp" />
72-->src\main\AndroidManifest.xml:58:13-49
73
74        <activity android:name="com.google.androidbrowserhelper.trusted.ManageDataLauncherActivity" >
74-->src\main\AndroidManifest.xml:65:13-69:24
74-->src\main\AndroidManifest.xml:65:23-104
75            <meta-data
75-->src\main\AndroidManifest.xml:66:13-68:53
76                android:name="android.support.customtabs.trusted.MANAGE_SPACE_URL"
76-->src\main\AndroidManifest.xml:67:17-83
77                android:value="@string/launchUrl" />
77-->src\main\AndroidManifest.xml:68:17-50
78        </activity>
79        <activity
79-->src\main\AndroidManifest.xml:72:9-153:20
80            android:name="com.luansilva.study.LauncherActivity"
80-->src\main\AndroidManifest.xml:72:19-50
81            android:alwaysRetainTaskState="true"
81-->src\main\AndroidManifest.xml:73:13-49
82            android:exported="true"
82-->src\main\AndroidManifest.xml:75:13-36
83            android:label="@string/launcherName" >
83-->src\main\AndroidManifest.xml:74:13-49
84            <meta-data
84-->src\main\AndroidManifest.xml:76:13-77:53
85                android:name="android.support.customtabs.trusted.DEFAULT_URL"
85-->src\main\AndroidManifest.xml:76:24-85
86                android:value="@string/launchUrl" />
86-->src\main\AndroidManifest.xml:77:17-50
87            <meta-data
87-->src\main\AndroidManifest.xml:79:13-81:58
88                android:name="android.support.customtabs.trusted.STATUS_BAR_COLOR"
88-->src\main\AndroidManifest.xml:80:17-83
89                android:resource="@color/colorPrimary" />
89-->src\main\AndroidManifest.xml:81:17-55
90            <meta-data
90-->src\main\AndroidManifest.xml:85:13-87:62
91                android:name="android.support.customtabs.trusted.STATUS_BAR_COLOR_DARK"
91-->src\main\AndroidManifest.xml:86:17-88
92                android:resource="@color/colorPrimaryDark" />
92-->src\main\AndroidManifest.xml:87:17-59
93            <meta-data
93-->src\main\AndroidManifest.xml:89:13-91:61
94                android:name="android.support.customtabs.trusted.NAVIGATION_BAR_COLOR"
94-->src\main\AndroidManifest.xml:90:17-87
95                android:resource="@color/navigationColor" />
95-->src\main\AndroidManifest.xml:91:17-58
96            <meta-data
96-->src\main\AndroidManifest.xml:93:13-95:65
97                android:name="android.support.customtabs.trusted.NAVIGATION_BAR_COLOR_DARK"
97-->src\main\AndroidManifest.xml:94:17-92
98                android:resource="@color/navigationColorDark" />
98-->src\main\AndroidManifest.xml:95:17-62
99            <meta-data
99-->src\main\AndroidManifest.xml:97:13-99:68
100                android:name="androix.browser.trusted.NAVIGATION_BAR_DIVIDER_COLOR"
100-->src\main\AndroidManifest.xml:98:17-84
101                android:resource="@color/navigationDividerColor" />
101-->src\main\AndroidManifest.xml:99:17-65
102            <meta-data
102-->src\main\AndroidManifest.xml:101:13-103:72
103                android:name="androix.browser.trusted.NAVIGATION_BAR_DIVIDER_COLOR_DARK"
103-->src\main\AndroidManifest.xml:102:17-89
104                android:resource="@color/navigationDividerColorDark" />
104-->src\main\AndroidManifest.xml:103:17-69
105            <meta-data
105-->src\main\AndroidManifest.xml:105:13-106:54
106                android:name="android.support.customtabs.trusted.SPLASH_IMAGE_DRAWABLE"
106-->src\main\AndroidManifest.xml:105:24-95
107                android:resource="@drawable/splash" />
107-->src\main\AndroidManifest.xml:106:17-52
108            <meta-data
108-->src\main\AndroidManifest.xml:108:13-109:60
109                android:name="android.support.customtabs.trusted.SPLASH_SCREEN_BACKGROUND_COLOR"
109-->src\main\AndroidManifest.xml:108:24-104
110                android:resource="@color/backgroundColor" />
110-->src\main\AndroidManifest.xml:109:17-58
111            <meta-data
111-->src\main\AndroidManifest.xml:111:13-112:71
112                android:name="android.support.customtabs.trusted.SPLASH_SCREEN_FADE_OUT_DURATION"
112-->src\main\AndroidManifest.xml:111:24-105
113                android:value="@integer/splashScreenFadeOutDuration" />
113-->src\main\AndroidManifest.xml:112:17-69
114            <meta-data
114-->src\main\AndroidManifest.xml:114:13-115:60
115                android:name="android.support.customtabs.trusted.FILE_PROVIDER_AUTHORITY"
115-->src\main\AndroidManifest.xml:114:24-97
116                android:value="@string/providerAuthority" />
116-->src\main\AndroidManifest.xml:115:17-58
117            <meta-data
117-->src\main\AndroidManifest.xml:117:13-97
118                android:name="android.app.shortcuts"
118-->src\main\AndroidManifest.xml:117:24-60
119                android:resource="@xml/shortcuts" />
119-->src\main\AndroidManifest.xml:117:61-94
120            <meta-data
120-->src\main\AndroidManifest.xml:119:13-120:56
121                android:name="android.support.customtabs.trusted.FALLBACK_STRATEGY"
121-->src\main\AndroidManifest.xml:119:24-91
122                android:value="@string/fallbackType" />
122-->src\main\AndroidManifest.xml:120:17-53
123            <meta-data
123-->src\main\AndroidManifest.xml:126:13-127:54
124                android:name="android.support.customtabs.trusted.SCREEN_ORIENTATION"
124-->src\main\AndroidManifest.xml:126:24-92
125                android:value="@string/orientation" />
125-->src\main\AndroidManifest.xml:127:17-52
126
127            <intent-filter>
127-->src\main\AndroidManifest.xml:133:13-136:29
128                <action android:name="android.intent.action.MAIN" />
128-->src\main\AndroidManifest.xml:134:17-69
128-->src\main\AndroidManifest.xml:134:25-66
129
130                <category android:name="android.intent.category.LAUNCHER" />
130-->src\main\AndroidManifest.xml:135:17-77
130-->src\main\AndroidManifest.xml:135:27-74
131            </intent-filter>
132            <intent-filter android:autoVerify="true" >
132-->src\main\AndroidManifest.xml:138:13-148:29
132-->src\main\AndroidManifest.xml:138:28-53
133                <action android:name="android.intent.action.VIEW" />
133-->src\main\AndroidManifest.xml:139:17-68
133-->src\main\AndroidManifest.xml:139:25-66
134
135                <category android:name="android.intent.category.DEFAULT" />
135-->src\main\AndroidManifest.xml:140:17-76
135-->src\main\AndroidManifest.xml:140:27-73
136                <category android:name="android.intent.category.BROWSABLE" />
136-->src\main\AndroidManifest.xml:141:17-77
136-->src\main\AndroidManifest.xml:141:27-75
137
138                <data
138-->src\main\AndroidManifest.xml:142:17-147:19
139                    android:host="@string/hostName"
139-->src\main\AndroidManifest.xml:143:21-52
140                    android:pathPrefix="/StudyTask-PWA/"
140-->src\main\AndroidManifest.xml:145:21-57
141                    android:scheme="https" />
141-->src\main\AndroidManifest.xml:142:23-45
142            </intent-filter>
143        </activity>
144        <activity android:name="com.google.androidbrowserhelper.trusted.FocusActivity" />
144-->src\main\AndroidManifest.xml:155:9-90
144-->src\main\AndroidManifest.xml:155:19-87
145        <activity
145-->src\main\AndroidManifest.xml:157:9-158:62
146            android:name="com.google.androidbrowserhelper.trusted.WebViewFallbackActivity"
146-->src\main\AndroidManifest.xml:157:19-97
147            android:configChanges="orientation|screenSize" />
147-->src\main\AndroidManifest.xml:158:13-59
148
149        <provider
149-->src\main\AndroidManifest.xml:160:9-168:20
150            android:name="androidx.core.content.FileProvider"
150-->src\main\AndroidManifest.xml:161:13-62
151            android:authorities="@string/providerAuthority"
151-->src\main\AndroidManifest.xml:162:13-60
152            android:exported="false"
152-->src\main\AndroidManifest.xml:164:13-37
153            android:grantUriPermissions="true" >
153-->src\main\AndroidManifest.xml:163:13-47
154            <meta-data
154-->src\main\AndroidManifest.xml:165:13-167:53
155                android:name="android.support.FILE_PROVIDER_PATHS"
155-->src\main\AndroidManifest.xml:166:17-67
156                android:resource="@xml/filepaths" />
156-->src\main\AndroidManifest.xml:167:17-50
157        </provider>
158
159        <service
159-->src\main\AndroidManifest.xml:170:9-185:19
160            android:name="com.luansilva.study.DelegationService"
160-->src\main\AndroidManifest.xml:171:13-46
161            android:enabled="@bool/enableNotification"
161-->src\main\AndroidManifest.xml:172:13-55
162            android:exported="@bool/enableNotification" >
162-->src\main\AndroidManifest.xml:173:13-56
163            <meta-data
163-->src\main\AndroidManifest.xml:176:17-178:73
164                android:name="android.support.customtabs.trusted.SMALL_ICON"
164-->src\main\AndroidManifest.xml:177:21-81
165                android:resource="@drawable/ic_notification_icon" />
165-->src\main\AndroidManifest.xml:178:21-70
166
167            <intent-filter>
167-->src\main\AndroidManifest.xml:181:13-184:29
168                <action android:name="android.support.customtabs.trusted.TRUSTED_WEB_ACTIVITY_SERVICE" />
168-->src\main\AndroidManifest.xml:182:17-105
168-->src\main\AndroidManifest.xml:182:25-103
169
170                <category android:name="android.intent.category.DEFAULT" />
170-->src\main\AndroidManifest.xml:140:17-76
170-->src\main\AndroidManifest.xml:140:27-73
171            </intent-filter>
172        </service>
173
174        <activity android:name="com.google.androidbrowserhelper.trusted.NotificationPermissionRequestActivity" />
174-->src\main\AndroidManifest.xml:188:13-118
174-->src\main\AndroidManifest.xml:188:23-115
175        <activity android:name="com.google.androidbrowserhelper.locationdelegation.PermissionRequestActivity" />
175-->src\main\AndroidManifest.xml:192:13-193:89
175-->src\main\AndroidManifest.xml:192:23-123
176        <activity
176-->[com.google.android.gms:play-services-base:18.1.0] AndroidManifest.xml:20:9-22:45
177            android:name="com.google.android.gms.common.api.GoogleApiActivity"
177-->[com.google.android.gms:play-services-base:18.1.0] AndroidManifest.xml:20:19-85
178            android:exported="false"
178-->[com.google.android.gms:play-services-base:18.1.0] AndroidManifest.xml:22:19-43
179            android:theme="@android:style/Theme.Translucent.NoTitleBar" />
179-->[com.google.android.gms:play-services-base:18.1.0] AndroidManifest.xml:21:19-78
180
181        <meta-data
181-->[com.google.android.gms:play-services-basement:18.1.0] AndroidManifest.xml:21:9-23:69
182            android:name="com.google.android.gms.version"
182-->[com.google.android.gms:play-services-basement:18.1.0] AndroidManifest.xml:22:13-58
183            android:value="@integer/google_play_services_version" />
183-->[com.google.android.gms:play-services-basement:18.1.0] AndroidManifest.xml:23:13-66
184
185        <provider
185-->[androidx.emoji2:emoji2:1.3.0] AndroidManifest.xml:24:9-32:20
186            android:name="androidx.startup.InitializationProvider"
186-->[androidx.emoji2:emoji2:1.3.0] AndroidManifest.xml:25:13-67
187            android:authorities="com.luansilva.study.androidx-startup"
187-->[androidx.emoji2:emoji2:1.3.0] AndroidManifest.xml:26:13-68
188            android:exported="false" >
188-->[androidx.emoji2:emoji2:1.3.0] AndroidManifest.xml:27:13-37
189            <meta-data
189-->[androidx.emoji2:emoji2:1.3.0] AndroidManifest.xml:29:13-31:52
190                android:name="androidx.emoji2.text.EmojiCompatInitializer"
190-->[androidx.emoji2:emoji2:1.3.0] AndroidManifest.xml:30:17-75
191                android:value="androidx.startup" />
191-->[androidx.emoji2:emoji2:1.3.0] AndroidManifest.xml:31:17-49
192            <meta-data
192-->[androidx.lifecycle:lifecycle-process:2.6.2] AndroidManifest.xml:29:13-31:52
193                android:name="androidx.lifecycle.ProcessLifecycleInitializer"
193-->[androidx.lifecycle:lifecycle-process:2.6.2] AndroidManifest.xml:30:17-78
194                android:value="androidx.startup" />
194-->[androidx.lifecycle:lifecycle-process:2.6.2] AndroidManifest.xml:31:17-49
195            <meta-data
195-->[androidx.profileinstaller:profileinstaller:1.3.1] AndroidManifest.xml:29:13-31:52
196                android:name="androidx.profileinstaller.ProfileInstallerInitializer"
196-->[androidx.profileinstaller:profileinstaller:1.3.1] AndroidManifest.xml:30:17-85
197                android:value="androidx.startup" />
197-->[androidx.profileinstaller:profileinstaller:1.3.1] AndroidManifest.xml:31:17-49
198        </provider>
199
200        <receiver
200-->[androidx.profileinstaller:profileinstaller:1.3.1] AndroidManifest.xml:34:9-52:20
201            android:name="androidx.profileinstaller.ProfileInstallReceiver"
201-->[androidx.profileinstaller:profileinstaller:1.3.1] AndroidManifest.xml:35:13-76
202            android:directBootAware="false"
202-->[androidx.profileinstaller:profileinstaller:1.3.1] AndroidManifest.xml:36:13-44
203            android:enabled="true"
203-->[androidx.profileinstaller:profileinstaller:1.3.1] AndroidManifest.xml:37:13-35
204            android:exported="true"
204-->[androidx.profileinstaller:profileinstaller:1.3.1] AndroidManifest.xml:38:13-36
205            android:permission="android.permission.DUMP" >
205-->[androidx.profileinstaller:profileinstaller:1.3.1] AndroidManifest.xml:39:13-57
206            <intent-filter>
206-->[androidx.profileinstaller:profileinstaller:1.3.1] AndroidManifest.xml:40:13-42:29
207                <action android:name="androidx.profileinstaller.action.INSTALL_PROFILE" />
207-->[androidx.profileinstaller:profileinstaller:1.3.1] AndroidManifest.xml:41:17-91
207-->[androidx.profileinstaller:profileinstaller:1.3.1] AndroidManifest.xml:41:25-88
208            </intent-filter>
209            <intent-filter>
209-->[androidx.profileinstaller:profileinstaller:1.3.1] AndroidManifest.xml:43:13-45:29
210                <action android:name="androidx.profileinstaller.action.SKIP_FILE" />
210-->[androidx.profileinstaller:profileinstaller:1.3.1] AndroidManifest.xml:44:17-85
210-->[androidx.profileinstaller:profileinstaller:1.3.1] AndroidManifest.xml:44:25-82
211            </intent-filter>
212            <intent-filter>
212-->[androidx.profileinstaller:profileinstaller:1.3.1] AndroidManifest.xml:46:13-48:29
213                <action android:name="androidx.profileinstaller.action.SAVE_PROFILE" />
213-->[androidx.profileinstaller:profileinstaller:1.3.1] AndroidManifest.xml:47:17-88
213-->[androidx.profileinstaller:profileinstaller:1.3.1] AndroidManifest.xml:47:25-85
214            </intent-filter>
215            <intent-filter>
215-->[androidx.profileinstaller:profileinstaller:1.3.1] AndroidManifest.xml:49:13-51:29
216                <action android:name="androidx.profileinstaller.action.BENCHMARK_OPERATION" />
216-->[androidx.profileinstaller:profileinstaller:1.3.1] AndroidManifest.xml:50:17-95
216-->[androidx.profileinstaller:profileinstaller:1.3.1] AndroidManifest.xml:50:25-92
217            </intent-filter>
218        </receiver>
219    </application>
220
221</manifest>